{"message":"No route found for /Admin/_initCacheRouter/","context":{"context":"Router","part":"getRoute","extra":null},"level":300,"level_name":"WARNING","channel":"s5ea96265f23b7","datetime":"2020-04-29T15:33:46.560761+02:00","extra":{}}
{"message":"No route found for /Admin/_initCacheRouter/","context":{"context":"Router","part":"getRoute","extra":null},"level":300,"level_name":"WARNING","channel":"s5ea96265f23b7","datetime":"2020-04-29T15:33:48.087436+02:00","extra":{}}
{"message":"No route found for /Admin/Controllers/","context":{"context":"Router","part":"getRoute","extra":null},"level":300,"level_name":"WARNING","channel":"s5ea96265f23b7","datetime":"2020-04-29T15:34:13.924418+02:00","extra":{}}
{"message":"No route found for /Admin/Routes/","context":{"context":"Router","part":"getRoute","extra":null},"level":300,"level_name":"WARNING","channel":"s5ea96265f23b7","datetime":"2020-04-29T15:35:15.105010+02:00","extra":{}}
{"message":"No route found for /Admin/_initCacheRouter/","context":{"context":"Router","part":"getRoute","extra":null},"level":300,"level_name":"WARNING","channel":"s5ea96265f23b7","datetime":"2020-04-29T15:35:16.148458+02:00","extra":{}}
{"message":"No route found for /Admin/Routes/","context":{"context":"Router","part":"getRoute","extra":null},"level":300,"level_name":"WARNING","channel":"s5ea96265f23b7","datetime":"2020-04-29T15:47:36.819788+02:00","extra":{}}
{"message":"No route found for /Admin/Controllers/","context":{"context":"Router","part":"getRoute","extra":null},"level":300,"level_name":"WARNING","channel":"s5ea96265f23b7","datetime":"2020-04-29T15:47:40.097405+02:00","extra":{}}
{"message":"No route found for /Admin/_runAction/","context":{"context":"Router","part":"getRoute","extra":null},"level":300,"level_name":"WARNING","channel":"s5ea96265f23b7","datetime":"2020-04-29T15:47:44.321108+02:00","extra":{}}
{"message":"No route found for /MainController/contactForm/","context":{"context":"Router","part":"getRoute","extra":null},"level":300,"level_name":"WARNING","channel":"s5ea96265f23b7","datetime":"2020-04-29T15:47:44.385590+02:00","extra":{}}
{"message":"No route found for /Admin/Controllers/","context":{"context":"Router","part":"getRoute","extra":null},"level":300,"level_name":"WARNING","channel":"s5ea96265f23b7","datetime":"2020-04-29T15:50:38.328118+02:00","extra":{}}
{"message":"No route found for /Admin/_runAction/","context":{"context":"Router","part":"getRoute","extra":null},"level":300,"level_name":"WARNING","channel":"s5ea96265f23b7","datetime":"2020-04-29T15:50:43.249006+02:00","extra":{}}
{"message":"No route found for /MainController/index/","context":{"context":"Router","part":"getRoute","extra":null},"level":300,"level_name":"WARNING","channel":"s5ea96265f23b7","datetime":"2020-04-29T15:50:43.313177+02:00","extra":{}}
{"message":"Route found for /_default/ : controllers\\MainController/index","context":{"context":"Router","part":"getRouteUrlParts","extra":null},"level":200,"level_name":"INFO","channel":"s5ea96265f23b7","datetime":"2020-04-29T15:51:14.679761+02:00","extra":{}}
{"message":"Route found for /_default/ : controllers\\MainController/index","context":{"context":"Router","part":"getRouteUrlParts","extra":null},"level":200,"level_name":"INFO","channel":"s5ea96265f23b7","datetime":"2020-04-29T15:52:19.738613+02:00","extra":{}}
{"message":"Route found for /_default/ : controllers\\MainController/index","context":{"context":"Router","part":"getRouteUrlParts","extra":null},"level":200,"level_name":"INFO","channel":"s5ea96265f23b7","datetime":"2020-04-29T15:52:20.468038+02:00","extra":{}}
{"message":"Route found for /_default/ : controllers\\MainController/index","context":{"context":"Router","part":"getRouteUrlParts","extra":null},"level":200,"level_name":"INFO","channel":"s5ea96265f23b7","datetime":"2020-04-29T15:52:20.641921+02:00","extra":{}}
{"message":"Route found for /_default/ : controllers\\MainController/index","context":{"context":"Router","part":"getRouteUrlParts","extra":null},"level":200,"level_name":"INFO","channel":"s5ea96265f23b7","datetime":"2020-04-29T15:52:20.810826+02:00","extra":{}}
{"message":"Route found for /_default/ : controllers\\MainController/index","context":{"context":"Router","part":"getRouteUrlParts","extra":null},"level":200,"level_name":"INFO","channel":"s5ea96265f23b7","datetime":"2020-04-29T15:52:20.982316+02:00","extra":{}}
{"message":"Route found for /_default/ : controllers\\MainController/index","context":{"context":"Router","part":"getRouteUrlParts","extra":null},"level":200,"level_name":"INFO","channel":"s5ea96265f23b7","datetime":"2020-04-29T15:52:21.127945+02:00","extra":{}}
{"message":"Route found for /_default/ : controllers\\MainController/index","context":{"context":"Router","part":"getRouteUrlParts","extra":null},"level":200,"level_name":"INFO","channel":"s5ea96265f23b7","datetime":"2020-04-29T15:52:35.970723+02:00","extra":{}}
{"message":"Route found for /_default/ : controllers\\MainController/index","context":{"context":"Router","part":"getRouteUrlParts","extra":null},"level":200,"level_name":"INFO","channel":"s5ea96265f23b7","datetime":"2020-04-29T15:53:03.810631+02:00","extra":{}}
{"message":"Route found for /_default/ : controllers\\MainController/index","context":{"context":"Router","part":"getRouteUrlParts","extra":null},"level":200,"level_name":"INFO","channel":"s5ea96265f23b7","datetime":"2020-04-29T15:53:06.881047+02:00","extra":{}}
{"message":"Route found for /partners/ : controllers\\MainController/partnersList","context":{"context":"Router","part":"getRouteUrlParts","extra":null},"level":200,"level_name":"INFO","channel":"s5ea96265f23b7","datetime":"2020-04-29T15:53:08.143154+02:00","extra":{}}
{"message":"Route found for /_default/ : controllers\\MainController/index","context":{"context":"Router","part":"getRouteUrlParts","extra":null},"level":200,"level_name":"INFO","channel":"s5ea96265f23b7","datetime":"2020-04-29T15:53:09.740079+02:00","extra":{}}
{"message":"Route found for /_default/ : controllers\\MainController/index","context":{"context":"Router","part":"getRouteUrlParts","extra":null},"level":200,"level_name":"INFO","channel":"s5ea96265f23b7","datetime":"2020-04-29T15:53:10.564757+02:00","extra":{}}
{"message":"Route found for /partners/ : controllers\\MainController/partnersList","context":{"context":"Router","part":"getRouteUrlParts","extra":null},"level":200,"level_name":"INFO","channel":"s5ea96265f23b7","datetime":"2020-04-29T15:53:11.304489+02:00","extra":{}}
{"message":"Route found for /_default/ : controllers\\MainController/index","context":{"context":"Router","part":"getRouteUrlParts","extra":null},"level":200,"level_name":"INFO","channel":"s5ea96265f23b7","datetime":"2020-04-29T15:53:13.096169+02:00","extra":{}}
{"message":"Route found for /contact/ : controllers\\MainController/contactForm","context":{"context":"Router","part":"getRouteUrlParts","extra":null},"level":200,"level_name":"INFO","channel":"s5ea96265f23b7","datetime":"2020-04-29T15:53:13.685783+02:00","extra":{}}
{"message":"Route found for /_default/ : controllers\\MainController/index","context":{"context":"Router","part":"getRouteUrlParts","extra":null},"level":200,"level_name":"INFO","channel":"s5ea96265f23b7","datetime":"2020-04-29T15:53:16.872647+02:00","extra":{}}
{"message":"Route found for /_default/ : controllers\\MainController/index","context":{"context":"Router","part":"getRouteUrlParts","extra":null},"level":200,"level_name":"INFO","channel":"s5ea96265f23b7","datetime":"2020-04-29T15:53:43.611134+02:00","extra":{}}
{"message":"Route found for /_default/ : controllers\\MainController/index","context":{"context":"Router","part":"getRouteUrlParts","extra":null},"level":200,"level_name":"INFO","channel":"s5ea96265f23b7","datetime":"2020-04-29T16:36:45.383630+02:00","extra":{}}
{"message":"Route found for /partners/ : controllers\\MainController/partnersList","context":{"context":"Router","part":"getRouteUrlParts","extra":null},"level":200,"level_name":"INFO","channel":"s5ea96265f23b7","datetime":"2020-04-29T16:36:48.455451+02:00","extra":{}}
{"message":"Route found for /_default/ : controllers\\MainController/index","context":{"context":"Router","part":"getRouteUrlParts","extra":null},"level":200,"level_name":"INFO","channel":"s5ea96265f23b7","datetime":"2020-04-29T16:36:50.184753+02:00","extra":{}}
{"message":"Route found for /_default/ : controllers\\MainController/index","context":{"context":"Router","part":"getRouteUrlParts","extra":null},"level":200,"level_name":"INFO","channel":"s5ea96265f23b7","datetime":"2020-04-29T16:36:51.886280+02:00","extra":{}}
{"message":"Route found for /contact/ : controllers\\MainController/contactForm","context":{"context":"Router","part":"getRouteUrlParts","extra":null},"level":200,"level_name":"INFO","channel":"s5ea96265f23b7","datetime":"2020-04-29T16:36:52.825598+02:00","extra":{}}
{"message":"Route found for /_default/ : controllers\\MainController/index","context":{"context":"Router","part":"getRouteUrlParts","extra":null},"level":200,"level_name":"INFO","channel":"s5ea96265f23b7","datetime":"2020-04-29T16:36:53.809325+02:00","extra":{}}
{"message":"Route found for /_default/ : controllers\\MainController/index","context":{"context":"Router","part":"getRouteUrlParts","extra":null},"level":200,"level_name":"INFO","channel":"s5ea96265f23b7","datetime":"2020-04-29T16:36:54.319460+02:00","extra":{}}
{"message":"Route found for /_default/ : controllers\\MainController/index","context":{"context":"Router","part":"getRouteUrlParts","extra":null},"level":200,"level_name":"INFO","channel":"s5ea96265f23b7","datetime":"2020-04-29T16:36:54.852959+02:00","extra":{}}
{"message":"Route found for /contact/ : controllers\\MainController/contactForm","context":{"context":"Router","part":"getRouteUrlParts","extra":null},"level":200,"level_name":"INFO","channel":"s5ea96265f23b7","datetime":"2020-04-29T16:36:55.685446+02:00","extra":{}}
{"message":"Route found for /_default/ : controllers\\MainController/index","context":{"context":"Router","part":"getRouteUrlParts","extra":null},"level":200,"level_name":"INFO","channel":"s5ea96265f23b7","datetime":"2020-04-29T16:36:58.139151+02:00","extra":{}}
{"message":"No route found for /Admin/Controllers/","context":{"context":"Router","part":"getRoute","extra":null},"level":300,"level_name":"WARNING","channel":"s5ea96265f23b7","datetime":"2020-04-29T16:38:29.135879+02:00","extra":{}}
{"message":"Route found for /_default/ : controllers\\MainController/index","context":{"context":"Router","part":"getRouteUrlParts","extra":null},"level":200,"level_name":"INFO","channel":"s5ea96265f23b7","datetime":"2020-04-29T16:38:46.873912+02:00","extra":{}}